#
# A fatal error has been detected by the Java Runtime Environment:
#
#  EXCEPTION_ACCESS_VIOLATION (0xc0000005) at pc=0x6d90d619, pid=8272, tid=13588
#
# JRE version: 6.0_26-b03
# Java VM: Java HotSpot(TM) Client VM (20.1-b02 mixed mode windows-x86 )
# Problematic frame:
# V  [jvm.dll+0x6d619]
#
# If you would like to submit a bug report, please visit:
#   http://java.sun.com/webapps/bugreport/crash.jsp
#

---------------  T H R E A D  ---------------

Current thread (0x02136c00):  VMThread [stack: 0x182b0000,0x18300000] [id=13588]

siginfo: ExceptionCode=0xc0000005, reading address 0x00000068

Registers:
EAX=0x00000000, EBX=0x047b50c4, ECX=0x19b93e20, EDX=0x00000000
ESP=0x182ffaac, EBP=0x182ffaac, ESI=0x047b5068, EDI=0x19b93e20
EIP=0x6d90d619, EFLAGS=0x00010293

Top of Stack: (sp=0x182ffaac)
0x182ffaac:   182ffac0 6d90d687 047b5068 6db10f74
0x182ffabc:   047b5068 182ffad0 6d90d6bd 00000003
0x182ffacc:   047b50b8 182ffadc 6d9d869c 047b50b8
0x182ffadc:   182ffb28 6d904845 047b50b8 00000000
0x182ffaec:   00b9db88 020c1b58 182ffb30 6d9046e0
0x182ffafc:   05396730 020c1b58 047e2b08 00000000
0x182ffb0c:   143dc068 0539675c 6db10ef0 0212ab60
0x182ffb1c:   19f72db8 19f79cc0 19f7adac 182ffb64 

Instructions: (pc=0x6d90d619)
0x6d90d5f9:   5d c2 10 00 cc cc cc 55 8b ec 8b c1 83 e0 07 83
0x6d90d609:   f8 05 75 06 32 c0 5d c2 04 00 8b 55 08 8b 52 04
0x6d90d619:   8b 52 68 83 e2 07 80 fa 05 75 06 b0 01 5d c2 04
0x6d90d629:   00 83 f8 01 75 0e f7 c1 80 ff ff ff 75 06 33 c0 


Register to memory mapping:

EAX=0x00000000 is an unknown value
EBX=
[error occurred during error reporting (printing register info), id 0xc0000005]

Stack: [0x182b0000,0x18300000],  sp=0x182ffaac,  free space=318k
Native frames: (J=compiled Java code, j=interpreted, Vv=VM code, C=native code)
V  [jvm.dll+0x6d619]
V  [jvm.dll+0x6d687]
V  [jvm.dll+0x6d6bd]
V  [jvm.dll+0x13869c]
V  [jvm.dll+0x64845]
V  [jvm.dll+0x65858]
V  [jvm.dll+0x65a23]
V  [jvm.dll+0x62230]
V  [jvm.dll+0x626a0]
V  [jvm.dll+0x611ea]
V  [jvm.dll+0x685c2]
V  [jvm.dll+0x5fe78]
V  [jvm.dll+0x60271]
V  [jvm.dll+0x13b119]
V  [jvm.dll+0x11da73]
V  [jvm.dll+0x11cd4e]
V  [jvm.dll+0x11d070]
V  [jvm.dll+0x11d472]
V  [jvm.dll+0x1411ac]
C  [msvcr71.dll+0x9565]  endthreadex+0xa0
C  [kernel32.dll+0x13677]  BaseThreadInitThunk+0x12
C  [ntdll.dll+0x39d72]  RtlInitializeExceptionChain+0x63
C  [ntdll.dll+0x39d45]  RtlInitializeExceptionChain+0x36

VM_Operation (0x19aafadc): GenCollectFull, mode: safepoint, requested by thread 0x18a5c800


---------------  P R O C E S S  ---------------

Java Threads: ( => current thread )
  0x19f8b000 JavaThread "Thread-8" daemon [_thread_blocked, id=17868, stack(0x1ca40000,0x1ca90000)]
  0x19f8ac00 JavaThread "Thread-7" daemon [_thread_blocked, id=17676, stack(0x1ae70000,0x1aec0000)]
  0x19f7f400 JavaThread "Java Sound Event Dispatcher" daemon [_thread_blocked, id=16512, stack(0x1a9a0000,0x1a9f0000)]
  0x18a8ac00 JavaThread "Thread-5" daemon [_thread_blocked, id=17756, stack(0x19af0000,0x19b40000)]
  0x00b9b000 JavaThread "DestroyJavaVM" [_thread_blocked, id=16980, stack(0x00220000,0x00270000)]
  0x18a5c800 JavaThread "Thread-4" daemon [_thread_blocked, id=17764, stack(0x19a60000,0x19ab0000)]
  0x18a5b400 JavaThread "[RT5] Signlink thread" daemon [_thread_blocked, id=17752, stack(0x199d0000,0x19a20000)]
  0x18a0d000 JavaThread "AWT-EventQueue-0" [_thread_blocked, id=17736, stack(0x18e40000,0x18e90000)]
  0x189fd400 JavaThread "AWT-Windows" daemon [_thread_blocked, id=17748, stack(0x18db0000,0x18e00000)]
  0x189fac00 JavaThread "AWT-Shutdown" [_thread_blocked, id=17744, stack(0x18d20000,0x18d70000)]
  0x189f6000 JavaThread "Java2D Disposer" daemon [_thread_blocked, id=17740, stack(0x18c90000,0x18ce0000)]
  0x0218d800 JavaThread "Low Memory Detector" daemon [_thread_blocked, id=17732, stack(0x18870000,0x188c0000)]
  0x0218a000 JavaThread "C1 CompilerThread0" daemon [_thread_blocked, id=17724, stack(0x187e0000,0x18830000)]
  0x0217bc00 JavaThread "JDWP Command Reader" daemon [_thread_in_native, id=17668, stack(0x186e0000,0x18730000)]
  0x0217ac00 JavaThread "JDWP Event Helper Thread" daemon [_thread_blocked, id=17664, stack(0x18650000,0x186a0000)]
  0x02178000 JavaThread "JDWP Transport Listener: dt_socket" daemon [_thread_blocked, id=17712, stack(0x18580000,0x185d0000)]
  0x0216dc00 JavaThread "Attach Listener" daemon [_thread_blocked, id=16820, stack(0x184f0000,0x18540000)]
  0x0216ac00 JavaThread "Signal Dispatcher" daemon [_thread_blocked, id=16428, stack(0x18460000,0x184b0000)]
  0x0213f800 JavaThread "Finalizer" daemon [_thread_blocked, id=15864, stack(0x183d0000,0x18420000)]
  0x0213ac00 JavaThread "Reference Handler" daemon [_thread_blocked, id=10504, stack(0x18340000,0x18390000)]

Other Threads:
=>0x02136c00 VMThread [stack: 0x182b0000,0x18300000] [id=13588]
  0x02198800 WatcherThread [stack: 0x18900000,0x18950000] [id=17652]

VM state:at safepoint (normal execution)

VM Mutex/Monitor currently owned by a thread:  ([mutex/lock_event])
[0x00b988e0] Threads_lock - owner thread: 0x02136c00
[0x00b98cf0] Heap_lock - owner thread: 0x18a5c800

Heap
 def new generation   total 21440K, used 19383K [0x041a0000, 0x058e0000, 0x096f0000)
  eden space 19072K,  97% used [0x041a0000, 0x053b3358, 0x05440000)
  from space 2368K,  36% used [0x05690000, 0x0576aa38, 0x058e0000)
  to   space 2368K,   0% used [0x05440000, 0x05440000, 0x05690000)
 tenured generation   total 47580K, used 28547K [0x096f0000, 0x0c567000, 0x141a0000)
   the space 47580K,  59% used [0x096f0000, 0x0b2d0c10, 0x0b2d0e00, 0x0c567000)
 compacting perm gen  total 12288K, used 11476K [0x141a0000, 0x14da0000, 0x181a0000)
   the space 12288K,  93% used [0x141a0000, 0x14cd50e8, 0x14cd5200, 0x14da0000)
No shared spaces configured.

Code Cache  [0x021a0000, 0x023f8000, 0x041a0000)
 total_blobs=902 nmethods=650 adapters=196 free_code_cache=31119232 largest_free_block=0

Dynamic libraries:
0x00400000 - 0x00424000 	C:\Program Files (x86)\Java\jdk1.6.0_26\bin\java.exe
0x77410000 - 0x77590000 	C:\Windows\SysWOW64\ntdll.dll
0x754b0000 - 0x755b0000 	C:\Windows\syswow64\kernel32.dll
0x75310000 - 0x75356000 	C:\Windows\syswow64\KERNELBASE.dll
0x75410000 - 0x754b0000 	C:\Windows\syswow64\ADVAPI32.dll
0x767e0000 - 0x7688c000 	C:\Windows\syswow64\msvcrt.dll
0x76360000 - 0x76379000 	C:\Windows\SysWOW64\sechost.dll
0x74c10000 - 0x74d00000 	C:\Windows\syswow64\RPCRT4.dll
0x74b10000 - 0x74b70000 	C:\Windows\syswow64\SspiCli.dll
0x74b00000 - 0x74b0c000 	C:\Windows\syswow64\CRYPTBASE.dll
0x7c340000 - 0x7c396000 	C:\Program Files (x86)\Java\jdk1.6.0_26\jre\bin\msvcr71.dll
0x6d8a0000 - 0x6db4f000 	C:\Program Files (x86)\Java\jdk1.6.0_26\jre\bin\client\jvm.dll
0x74ee0000 - 0x74fe0000 	C:\Windows\syswow64\USER32.dll
0x76610000 - 0x766a0000 	C:\Windows\syswow64\GDI32.dll
0x773e0000 - 0x773ea000 	C:\Windows\syswow64\LPK.dll
0x76740000 - 0x767dd000 	C:\Windows\syswow64\USP10.dll
0x732b0000 - 0x732e2000 	C:\Windows\system32\WINMM.dll
0x76520000 - 0x76580000 	C:\Windows\system32\IMM32.DLL
0x74fe0000 - 0x750ac000 	C:\Windows\syswow64\MSCTF.dll
0x74420000 - 0x7446b000 	C:\Windows\system32\apphelp.dll
0x6d850000 - 0x6d85c000 	C:\Program Files (x86)\Java\jdk1.6.0_26\jre\bin\verify.dll
0x6d3d0000 - 0x6d3ef000 	C:\Program Files (x86)\Java\jdk1.6.0_26\jre\bin\java.dll
0x766a0000 - 0x766a5000 	C:\Windows\system32\PSAPI.DLL
0x6d420000 - 0x6d44a000 	C:\Program Files (x86)\Java\jdk1.6.0_26\jre\bin\jdwp.dll
0x6d740000 - 0x6d746000 	C:\Program Files (x86)\Java\jdk1.6.0_26\jre\bin\npt.dll
0x6d890000 - 0x6d89f000 	C:\Program Files (x86)\Java\jdk1.6.0_26\jre\bin\zip.dll
0x6d2b0000 - 0x6d2b7000 	C:\Program Files (x86)\Java\jdk1.6.0_26\jre\bin\dt_socket.dll
0x76a00000 - 0x76a35000 	C:\Windows\syswow64\WS2_32.dll
0x74c00000 - 0x74c06000 	C:\Windows\syswow64\NSI.dll
0x74610000 - 0x7464c000 	C:\Windows\system32\mswsock.dll
0x737c0000 - 0x737c5000 	C:\Windows\System32\wshtcpip.dll
0x6d0b0000 - 0x6d1fb000 	C:\Program Files (x86)\Java\jdk1.6.0_26\jre\bin\awt.dll
0x73620000 - 0x73671000 	C:\Windows\system32\WINSPOOL.DRV
0x755b0000 - 0x7570c000 	C:\Windows\syswow64\ole32.dll
0x720b0000 - 0x7224e000 	C:\Windows\WinSxS\x86_microsoft.windows.common-controls_6595b64144ccf1df_6.0.7600.16385_none_421189da2b7fabfc\COMCTL32.dll
0x75360000 - 0x753b7000 	C:\Windows\syswow64\SHLWAPI.dll
0x76580000 - 0x76604000 	C:\Windows\WinSxS\x86_microsoft.windows.common-controls_6595b64144ccf1df_5.82.7600.16385_none_ebf82fc36c758ad5\comctl32.dll
0x717b0000 - 0x717c3000 	C:\Windows\system32\DWMAPI.DLL
0x6d2e0000 - 0x6d32f000 	C:\Program Files (x86)\Java\jdk1.6.0_26\jre\bin\fontmanager.dll
0x74b70000 - 0x74bff000 	C:\Windows\syswow64\OLEAUT32.DLL
0x6d6b0000 - 0x6d6c3000 	C:\Program Files (x86)\Java\jdk1.6.0_26\jre\bin\net.dll
0x74470000 - 0x74476000 	C:\Windows\System32\wship6.dll
0x6d6d0000 - 0x6d6d9000 	C:\Program Files (x86)\Java\jdk1.6.0_26\jre\bin\nio.dll
0x6d4f0000 - 0x6d515000 	C:\Program Files (x86)\Java\jdk1.6.0_26\jre\bin\jpeg.dll
0x6d5c0000 - 0x6d5e5000 	C:\Program Files (x86)\Java\jdk1.6.0_26\jre\bin\jsound.dll
0x6d5f0000 - 0x6d5f8000 	C:\Program Files (x86)\Java\jdk1.6.0_26\jre\bin\jsoundds.dll
0x6bf20000 - 0x6bf92000 	C:\Windows\system32\DSOUND.dll
0x6e600000 - 0x6e625000 	C:\Windows\system32\POWRPROF.dll
0x76380000 - 0x7651d000 	C:\Windows\syswow64\SETUPAPI.dll
0x768b0000 - 0x768d7000 	C:\Windows\syswow64\CFGMGR32.dll
0x76890000 - 0x768a2000 	C:\Windows\syswow64\DEVOBJ.dll
0x6bdf0000 - 0x6be29000 	C:\Windows\system32\MMDevAPI.DLL
0x707c0000 - 0x708b5000 	C:\Windows\system32\PROPSYS.dll
0x6bdc0000 - 0x6bdf0000 	C:\Windows\system32\wdmaud.drv
0x6e6b0000 - 0x6e6b4000 	C:\Windows\system32\ksuser.dll
0x71f30000 - 0x71f37000 	C:\Windows\system32\AVRT.dll
0x6bd80000 - 0x6bdb6000 	C:\Windows\system32\AUDIOSES.DLL
0x6bd70000 - 0x6bd78000 	C:\Windows\system32\msacm32.drv
0x6bd50000 - 0x6bd64000 	C:\Windows\system32\MSACM32.dll
0x6bd40000 - 0x6bd47000 	C:\Windows\system32\midimap.dll
0x766b0000 - 0x76733000 	C:\Windows\syswow64\CLBCatQ.DLL
0x72db0000 - 0x72dd9000 	C:\Windows\.jagex_cache_647\runescape\jaclib.dll
0x6d400000 - 0x6d406000 	c:\program files (x86)\jetbrains\intellij idea community edition 10.5.1\jre\jre\bin\jawt.dll
0x1b130000 - 0x1b13d000 	C:\Windows\.jagex_cache_647\runescape\jagmisc.dll
0x74a20000 - 0x74a3c000 	C:\Windows\system32\iphlpapi.dll
0x74a10000 - 0x74a17000 	C:\Windows\system32\WINNSI.DLL
0x71240000 - 0x7138a000 	C:\Windows\.jagex_cache_647\runescape\sw3d.dll
0x733c0000 - 0x734ab000 	C:\Windows\system32\dbghelp.dll

VM Arguments:
jvm_args: -agentlib:jdwp=transport=dt_socket,address=127.0.0.1:10032,suspend=y,server=n -Dfile.encoding=UTF-8 
java_command: client 1 1 1 live english game0
Launcher Type: SUN_STANDARD

Environment Variables:
PATH=C:\Program Files (x86)\JetBrains\IntelliJ IDEA Community Edition 10.5.1\bin\..\.\bin;C:\GTK\bin;C:\Program Files (x86)\NVIDIA Corporation\PhysX\Common;C:\Windows\system32;C:\Windows;C:\Windows\System32\Wbem;C:\Windows\System32\WindowsPowerShell\v1.0\;C:\Program Files (x86)\Microsoft SQL Server\100\Tools\Binn\;C:\Program Files\Microsoft SQL Server\100\Tools\Binn\;C:\Program Files\Microsoft SQL Server\100\DTS\Binn\;C:\Program Files (x86)\Microsoft SQL Server\100\Tools\Binn\VSShell\Common7\IDE\;C:\Program Files (x86)\Microsoft SQL Server\100\DTS\Binn\;C:\Windows\System32\Windows System Resource Manager\bin;C:\Windows\SUA\common\;C:\Windows\SUA\usr\lib\;C:\Program Files (x86)\Microsoft SQL Server\90\Tools\binn\;C:\Program Files (x86)\OpenSSH\bin;C:\PROGRA~1\TIEDUC~1\TI-83P~1\UTILS;c:\program files (x86)\jetbrains\intellij idea community edition 10.5.1\jre\jre\bin
USERNAME=Administrator
LD_LIBRARY_PATH=/usr/lib/x86:/usr/X11R6/lib
DISPLAY=localhost:0.0
OS=Windows_NT
PROCESSOR_IDENTIFIER=AMD64 Family 16 Model 4 Stepping 3, AuthenticAMD



---------------  S Y S T E M  ---------------

OS: Windows NT 6.1 Build 7600 

CPU:total 4 (4 cores per cpu, 1 threads per core) family 16 model 4 stepping 3, cmov, cx8, fxsr, mmx, sse, sse2, sse3, popcnt, mmxext, 3dnow, 3dnowext, lzcnt, sse4a

Memory: 4k page, physical 4193464k(200952k free), swap 8385032k(3183688k free)

vm_info: Java HotSpot(TM) Client VM (20.1-b02) for windows-x86 JRE (1.6.0_26-b03), built on May  4 2011 00:50:59 by "java_re" with MS VC++ 7.1 (VS2003)

time: Sun Jul 17 17:49:20 2011
elapsed time: 12 seconds

