#
# A fatal error has been detected by the Java Runtime Environment:
#
#  EXCEPTION_ACCESS_VIOLATION (0xc0000005) at pc=0x6d8ade19, pid=18156, tid=18184
#
# JRE version: 6.0_26-b03
# Java VM: Java HotSpot(TM) Client VM (20.1-b02 mixed mode windows-x86 )
# Problematic frame:
# V  [jvm.dll+0xde19]
#
# If you would like to submit a bug report, please visit:
#   http://java.sun.com/webapps/bugreport/crash.jsp
#

---------------  T H R E A D  ---------------

Current thread (0x02156c00):  VMThread [stack: 0x18270000,0x182c0000] [id=18184]

siginfo: ExceptionCode=0xc0000005, reading address 0x0000000c

Registers:
EAX=0x00000008, EBX=0x052f8b44, ECX=0x044e76e8, EDX=0x00000008
ESP=0x182bf85c, EBP=0x182bf860, ESI=0x044e76e8, EDI=0x020df7e8
EIP=0x6d8ade19, EFLAGS=0x00010202

Top of Stack: (sp=0x182bf85c)
0x182bf85c:   044e76e8 182bf880 6d8faa2f 00000008
0x182bf86c:   182bf9f0 052f8b38 052f8b44 020df7e8
0x182bf87c:   00000006 182bf890 6d8fad4c 044e76e8
0x182bf88c:   052f8b38 182bf8a4 6d8faf33 052f8b38
0x182bf89c:   182bf9f0 052f8b38 182bf8f0 6d904845
0x182bf8ac:   052f8b38 00000000 0050db48 020e1ae8
0x182bf8bc:   182bf8f8 6d9046e0 053c0e38 020e1ae8
0x182bf8cc:   0528e038 00000000 020df7e8 051eee34 

Instructions: (pc=0x6d8ade19)
0x6d8addf9:   30 8b c1 c1 e9 02 f3 a5 8b c8 83 e1 03 f3 a4 5f
0x6d8ade09:   5e 5d c2 04 00 cc cc 55 8b ec 8b 55 08 56 8b f1
0x6d8ade19:   8b 4a 04 8b c1 c1 f8 02 85 c9 89 4d 08 7f 35 7d
0x6d8ade29:   2b 8b 76 08 8b 45 08 8b 15 24 0c b1 6d 83 e1 3f 


Register to memory mapping:

EAX=0x00000008 is an unknown value
EBX=0x052f8b44 is an oop
java.lang.ref.Finalizer 
 - klass: 'java/lang/ref/Finalizer'
ECX=
[error occurred during error reporting (printing register info), id 0xc0000005]

Stack: [0x18270000,0x182c0000],  sp=0x182bf85c,  free space=318k
Native frames: (J=compiled Java code, j=interpreted, Vv=VM code, C=native code)
V  [jvm.dll+0xde19]
V  [jvm.dll+0x5aa2f]
V  [jvm.dll+0x5ad4c]
V  [jvm.dll+0x5af33]
V  [jvm.dll+0x64845]
V  [jvm.dll+0x65858]
V  [jvm.dll+0x65a23]
V  [jvm.dll+0x5a7f7]
V  [jvm.dll+0x5fe78]
V  [jvm.dll+0x579ab]
V  [jvm.dll+0x13b097]
V  [jvm.dll+0x11da73]
V  [jvm.dll+0x11cd4e]
V  [jvm.dll+0x11d070]
V  [jvm.dll+0x11d472]
V  [jvm.dll+0x1411ac]
C  [msvcr71.dll+0x9565]  endthreadex+0xa0
C  [kernel32.dll+0x13677]  BaseThreadInitThunk+0x12
C  [ntdll.dll+0x39d72]  RtlInitializeExceptionChain+0x63
C  [ntdll.dll+0x39d45]  RtlInitializeExceptionChain+0x36

VM_Operation (0x19a8f350): GenCollectForAllocation, mode: safepoint, requested by thread 0x18a3d400


---------------  P R O C E S S  ---------------

Java Threads: ( => current thread )
  0x19f9e800 JavaThread "Thread-8" daemon [_thread_blocked, id=18392, stack(0x1ca20000,0x1ca70000)]
  0x19f9e000 JavaThread "Thread-7" daemon [_thread_blocked, id=18364, stack(0x1ae70000,0x1aec0000)]
  0x19f85c00 JavaThread "Java Sound Event Dispatcher" daemon [_thread_blocked, id=18340, stack(0x1a9a0000,0x1a9f0000)]
  0x18a44800 JavaThread "Thread-5" daemon [_thread_blocked, id=18264, stack(0x19ad0000,0x19b20000)]
  0x0050b000 JavaThread "DestroyJavaVM" [_thread_blocked, id=18176, stack(0x00390000,0x003e0000)]
  0x18a3d400 JavaThread "Thread-4" daemon [_thread_blocked, id=18260, stack(0x19a40000,0x19a90000)]
  0x18a19400 JavaThread "[RT5] Signlink thread" daemon [_thread_blocked, id=18256, stack(0x199b0000,0x19a00000)]
  0x189d1c00 JavaThread "AWT-EventQueue-0" [_thread_blocked, id=18252, stack(0x18e30000,0x18e80000)]
  0x189c1000 JavaThread "AWT-Windows" daemon [_thread_blocked, id=18244, stack(0x18da0000,0x18df0000)]
  0x189be800 JavaThread "AWT-Shutdown" [_thread_blocked, id=18240, stack(0x18d10000,0x18d60000)]
  0x189bac00 JavaThread "Java2D Disposer" daemon [_thread_blocked, id=18236, stack(0x18c80000,0x18cd0000)]
  0x021b3800 JavaThread "Low Memory Detector" daemon [_thread_blocked, id=18228, stack(0x18830000,0x18880000)]
  0x021b0000 JavaThread "C1 CompilerThread0" daemon [_thread_blocked, id=18224, stack(0x187a0000,0x187f0000)]
  0x0219ac00 JavaThread "JDWP Command Reader" daemon [_thread_in_native, id=18220, stack(0x18710000,0x18760000)]
  0x02199c00 JavaThread "JDWP Event Helper Thread" daemon [_thread_blocked, id=18212, stack(0x18680000,0x186d0000)]
  0x02198000 JavaThread "JDWP Transport Listener: dt_socket" daemon [_thread_blocked, id=18204, stack(0x185a0000,0x185f0000)]
  0x0218dc00 JavaThread "Attach Listener" daemon [_thread_blocked, id=18200, stack(0x184b0000,0x18500000)]
  0x0218ac00 JavaThread "Signal Dispatcher" daemon [_thread_blocked, id=18196, stack(0x18420000,0x18470000)]
  0x0215f800 JavaThread "Finalizer" daemon [_thread_blocked, id=18192, stack(0x18390000,0x183e0000)]
  0x0215ac00 JavaThread "Reference Handler" daemon [_thread_blocked, id=18188, stack(0x18300000,0x18350000)]

Other Threads:
=>0x02156c00 VMThread [stack: 0x18270000,0x182c0000] [id=18184]
  0x021be400 WatcherThread [stack: 0x188c0000,0x18910000] [id=18232]

VM state:at safepoint (normal execution)

VM Mutex/Monitor currently owned by a thread:  ([mutex/lock_event])
[0x005088e0] Threads_lock - owner thread: 0x02156c00
[0x00508cf0] Heap_lock - owner thread: 0x18a3d400

Heap
 def new generation   total 18432K, used 15430K [0x041c0000, 0x055c0000, 0x09710000)
  eden space 16384K,  86% used [0x041c0000, 0x04fab258, 0x051c0000)
  from space 2048K,  57% used [0x053c0000, 0x054e65b0, 0x055c0000)
  to   space 2048K,  67% used [0x051c0000, 0x0531aa10, 0x053c0000)
 tenured generation   total 49868K, used 48803K [0x09710000, 0x0c7c3000, 0x141c0000)
   the space 49868K,  97% used [0x09710000, 0x0c6b8c38, 0x0c6b8e00, 0x0c7c3000)
 compacting perm gen  total 12288K, used 11375K [0x141c0000, 0x14dc0000, 0x181c0000)
   the space 12288K,  92% used [0x141c0000, 0x14cdbd88, 0x14cdbe00, 0x14dc0000)
No shared spaces configured.

Code Cache  [0x021c0000, 0x023f8000, 0x041c0000)
 total_blobs=800 nmethods=550 adapters=194 free_code_cache=31249216 largest_free_block=0

Dynamic libraries:
0x00400000 - 0x00424000 	C:\Program Files (x86)\Java\jdk1.6.0_26\bin\java.exe
0x77410000 - 0x77590000 	C:\Windows\SysWOW64\ntdll.dll
0x754b0000 - 0x755b0000 	C:\Windows\syswow64\kernel32.dll
0x75310000 - 0x75356000 	C:\Windows\syswow64\KERNELBASE.dll
0x75410000 - 0x754b0000 	C:\Windows\syswow64\ADVAPI32.dll
0x767e0000 - 0x7688c000 	C:\Windows\syswow64\msvcrt.dll
0x76360000 - 0x76379000 	C:\Windows\SysWOW64\sechost.dll
0x74c10000 - 0x74d00000 	C:\Windows\syswow64\RPCRT4.dll
0x74b10000 - 0x74b70000 	C:\Windows\syswow64\SspiCli.dll
0x74b00000 - 0x74b0c000 	C:\Windows\syswow64\CRYPTBASE.dll
0x7c340000 - 0x7c396000 	C:\Program Files (x86)\Java\jdk1.6.0_26\jre\bin\msvcr71.dll
0x6d8a0000 - 0x6db4f000 	C:\Program Files (x86)\Java\jdk1.6.0_26\jre\bin\client\jvm.dll
0x74ee0000 - 0x74fe0000 	C:\Windows\syswow64\USER32.dll
0x76610000 - 0x766a0000 	C:\Windows\syswow64\GDI32.dll
0x773e0000 - 0x773ea000 	C:\Windows\syswow64\LPK.dll
0x76740000 - 0x767dd000 	C:\Windows\syswow64\USP10.dll
0x732b0000 - 0x732e2000 	C:\Windows\system32\WINMM.dll
0x76520000 - 0x76580000 	C:\Windows\system32\IMM32.DLL
0x74fe0000 - 0x750ac000 	C:\Windows\syswow64\MSCTF.dll
0x74420000 - 0x7446b000 	C:\Windows\system32\apphelp.dll
0x6d850000 - 0x6d85c000 	C:\Program Files (x86)\Java\jdk1.6.0_26\jre\bin\verify.dll
0x6d3d0000 - 0x6d3ef000 	C:\Program Files (x86)\Java\jdk1.6.0_26\jre\bin\java.dll
0x766a0000 - 0x766a5000 	C:\Windows\system32\PSAPI.DLL
0x6d420000 - 0x6d44a000 	C:\Program Files (x86)\Java\jdk1.6.0_26\jre\bin\jdwp.dll
0x6d740000 - 0x6d746000 	C:\Program Files (x86)\Java\jdk1.6.0_26\jre\bin\npt.dll
0x6d890000 - 0x6d89f000 	C:\Program Files (x86)\Java\jdk1.6.0_26\jre\bin\zip.dll
0x6d2b0000 - 0x6d2b7000 	C:\Program Files (x86)\Java\jdk1.6.0_26\jre\bin\dt_socket.dll
0x76a00000 - 0x76a35000 	C:\Windows\syswow64\WS2_32.dll
0x74c00000 - 0x74c06000 	C:\Windows\syswow64\NSI.dll
0x74610000 - 0x7464c000 	C:\Windows\system32\mswsock.dll
0x737c0000 - 0x737c5000 	C:\Windows\System32\wshtcpip.dll
0x6d0b0000 - 0x6d1fb000 	C:\Program Files (x86)\Java\jdk1.6.0_26\jre\bin\awt.dll
0x73620000 - 0x73671000 	C:\Windows\system32\WINSPOOL.DRV
0x755b0000 - 0x7570c000 	C:\Windows\syswow64\ole32.dll
0x720b0000 - 0x7224e000 	C:\Windows\WinSxS\x86_microsoft.windows.common-controls_6595b64144ccf1df_6.0.7600.16385_none_421189da2b7fabfc\COMCTL32.dll
0x75360000 - 0x753b7000 	C:\Windows\syswow64\SHLWAPI.dll
0x76580000 - 0x76604000 	C:\Windows\WinSxS\x86_microsoft.windows.common-controls_6595b64144ccf1df_5.82.7600.16385_none_ebf82fc36c758ad5\comctl32.dll
0x717b0000 - 0x717c3000 	C:\Windows\system32\DWMAPI.DLL
0x6d2e0000 - 0x6d32f000 	C:\Program Files (x86)\Java\jdk1.6.0_26\jre\bin\fontmanager.dll
0x74b70000 - 0x74bff000 	C:\Windows\syswow64\OLEAUT32.DLL
0x6d6b0000 - 0x6d6c3000 	C:\Program Files (x86)\Java\jdk1.6.0_26\jre\bin\net.dll
0x74470000 - 0x74476000 	C:\Windows\System32\wship6.dll
0x6d6d0000 - 0x6d6d9000 	C:\Program Files (x86)\Java\jdk1.6.0_26\jre\bin\nio.dll
0x6d4f0000 - 0x6d515000 	C:\Program Files (x86)\Java\jdk1.6.0_26\jre\bin\jpeg.dll
0x6d5c0000 - 0x6d5e5000 	C:\Program Files (x86)\Java\jdk1.6.0_26\jre\bin\jsound.dll
0x6d5f0000 - 0x6d5f8000 	C:\Program Files (x86)\Java\jdk1.6.0_26\jre\bin\jsoundds.dll
0x6bf20000 - 0x6bf92000 	C:\Windows\system32\DSOUND.dll
0x6e600000 - 0x6e625000 	C:\Windows\system32\POWRPROF.dll
0x76380000 - 0x7651d000 	C:\Windows\syswow64\SETUPAPI.dll
0x768b0000 - 0x768d7000 	C:\Windows\syswow64\CFGMGR32.dll
0x76890000 - 0x768a2000 	C:\Windows\syswow64\DEVOBJ.dll
0x6bdf0000 - 0x6be29000 	C:\Windows\system32\MMDevAPI.DLL
0x707c0000 - 0x708b5000 	C:\Windows\system32\PROPSYS.dll
0x6bdc0000 - 0x6bdf0000 	C:\Windows\system32\wdmaud.drv
0x6e6b0000 - 0x6e6b4000 	C:\Windows\system32\ksuser.dll
0x71f30000 - 0x71f37000 	C:\Windows\system32\AVRT.dll
0x6bd80000 - 0x6bdb6000 	C:\Windows\system32\AUDIOSES.DLL
0x6bd70000 - 0x6bd78000 	C:\Windows\system32\msacm32.drv
0x6bd50000 - 0x6bd64000 	C:\Windows\system32\MSACM32.dll
0x6bd40000 - 0x6bd47000 	C:\Windows\system32\midimap.dll
0x766b0000 - 0x76733000 	C:\Windows\syswow64\CLBCatQ.DLL
0x72db0000 - 0x72dd9000 	C:\Windows\.jagex_cache_647\runescape\jaclib.dll
0x6d400000 - 0x6d406000 	c:\program files (x86)\jetbrains\intellij idea community edition 10.5.1\jre\jre\bin\jawt.dll
0x1b130000 - 0x1b13d000 	C:\Windows\.jagex_cache_647\runescape\jagmisc.dll
0x74a20000 - 0x74a3c000 	C:\Windows\system32\iphlpapi.dll
0x74a10000 - 0x74a17000 	C:\Windows\system32\WINNSI.DLL
0x71240000 - 0x7138a000 	C:\Windows\.jagex_cache_647\runescape\sw3d.dll
0x733c0000 - 0x734ab000 	C:\Windows\system32\dbghelp.dll

VM Arguments:
jvm_args: -agentlib:jdwp=transport=dt_socket,address=127.0.0.1:10028,suspend=y,server=n -Dfile.encoding=UTF-8 
java_command: client 1 1 1 live english game0
Launcher Type: SUN_STANDARD

Environment Variables:
PATH=C:\Program Files (x86)\JetBrains\IntelliJ IDEA Community Edition 10.5.1\bin\..\.\bin;C:\GTK\bin;C:\Program Files (x86)\NVIDIA Corporation\PhysX\Common;C:\Windows\system32;C:\Windows;C:\Windows\System32\Wbem;C:\Windows\System32\WindowsPowerShell\v1.0\;C:\Program Files (x86)\Microsoft SQL Server\100\Tools\Binn\;C:\Program Files\Microsoft SQL Server\100\Tools\Binn\;C:\Program Files\Microsoft SQL Server\100\DTS\Binn\;C:\Program Files (x86)\Microsoft SQL Server\100\Tools\Binn\VSShell\Common7\IDE\;C:\Program Files (x86)\Microsoft SQL Server\100\DTS\Binn\;C:\Windows\System32\Windows System Resource Manager\bin;C:\Windows\SUA\common\;C:\Windows\SUA\usr\lib\;C:\Program Files (x86)\Microsoft SQL Server\90\Tools\binn\;C:\Program Files (x86)\OpenSSH\bin;C:\PROGRA~1\TIEDUC~1\TI-83P~1\UTILS;c:\program files (x86)\jetbrains\intellij idea community edition 10.5.1\jre\jre\bin
USERNAME=Administrator
LD_LIBRARY_PATH=/usr/lib/x86:/usr/X11R6/lib
DISPLAY=localhost:0.0
OS=Windows_NT
PROCESSOR_IDENTIFIER=AMD64 Family 16 Model 4 Stepping 3, AuthenticAMD



---------------  S Y S T E M  ---------------

OS: Windows NT 6.1 Build 7600 

CPU:total 4 (4 cores per cpu, 1 threads per core) family 16 model 4 stepping 3, cmov, cx8, fxsr, mmx, sse, sse2, sse3, popcnt, mmxext, 3dnow, 3dnowext, lzcnt, sse4a

Memory: 4k page, physical 4193464k(185572k free), swap 8385032k(3177780k free)

vm_info: Java HotSpot(TM) Client VM (20.1-b02) for windows-x86 JRE (1.6.0_26-b03), built on May  4 2011 00:50:59 by "java_re" with MS VC++ 7.1 (VS2003)

time: Sun Jul 17 17:48:25 2011
elapsed time: 14 seconds

