#
# A fatal error has been detected by the Java Runtime Environment:
#
#  EXCEPTION_ACCESS_VIOLATION (0xc0000005) at pc=0x6d96b92b, pid=16900, tid=16956
#
# JRE version: 6.0_26-b03
# Java VM: Java HotSpot(TM) Client VM (20.1-b02 mixed mode windows-x86 )
# Problematic frame:
# V  [jvm.dll+0xcb92b]
#
# If you would like to submit a bug report, please visit:
#   http://java.sun.com/webapps/bugreport/crash.jsp
#

---------------  T H R E A D  ---------------

Current thread (0x18a6f800):  JavaThread "Thread-4" daemon [_thread_in_vm, id=16956, stack(0x19a90000,0x19ae0000)]

siginfo: ExceptionCode=0xc0000005, reading address 0x00000008

Registers:
EAX=0x00000000, EBX=0x19f794bc, ECX=0x00000008, EDX=0x19f79500
ESP=0x19adf454, EBP=0x19adf458, ESI=0x04f785b0, EDI=0x18a6f800
EIP=0x6d96b92b, EFLAGS=0x00210297

Top of Stack: (sp=0x19adf454)
0x19adf454:   19adf48c 19adf470 6d99edc4 04f785b0
0x19adf464:   00000004 19f794bc 18a6f800 19adf4ac
0x19adf474:   6d99f7b9 18a6f800 19f794bc 18a6f800
0x19adf484:   04f785b0 19ea3610 00000005 18a6f800
0x19adf494:   00000001 00000000 00000000 19ea3610
0x19adf4a4:   19f79500 18a6f800 19adf4cc 6d9b310c
0x19adf4b4:   00000001 18a6f800 00a106f4 14cec8b8
0x19adf4c4:   6d8eaf0e 19ea3610 19adf4e8 6d9b369b 

Instructions: (pc=0x6d96b92b)
0x6d96b90b:   cc cc cc cc cc 55 8b ec a1 b4 fa b1 6d 56 8b 75
0x6d96b91b:   08 3b f0 75 05 32 c0 5e 5d c3 8b 46 04 8d 48 08
0x6d96b92b:   8b 01 ff 90 88 00 00 00 84 c0 75 e9 8b 4e 04 8b
0x6d96b93b:   41 0c 85 c0 7e 4f 3b 0d d4 28 b1 6d 75 42 56 e8 


Register to memory mapping:

EAX=0x00000000 is an unknown value
EBX=0x19f794bc is an unknown value
ECX=0x00000008 is an unknown value
EDX=0x19f79500 is an unknown value
ESP=0x19adf454 is pointing into the stack for thread: 0x18a6f800
EBP=0x19adf458 is pointing into the stack for thread: 0x18a6f800
ESI=
[error occurred during error reporting (printing register info), id 0xc0000005]

Stack: [0x19a90000,0x19ae0000],  sp=0x19adf454,  free space=317k
Native frames: (J=compiled Java code, j=interpreted, Vv=VM code, C=native code)
V  [jvm.dll+0xcb92b]
V  [jvm.dll+0xfedc4]
V  [jvm.dll+0xff7b9]
V  [jvm.dll+0x11310c]
V  [jvm.dll+0x11369b]
V  [jvm.dll+0x47c18]
j  releaseThread()Z+0
j  GlToolkit.method2288(I)V+11
j  GlToolkit.method2023()V+59
j  GlToolkit.<init>(Ljava/awt/Canvas;LInterface_20;I)V+1221
j  DoublyLinkedNode_Sub51_Sub13.method1257(LInterface_20;ZILjava/awt/Canvas;)LClass_ha;+7
j  GraphicsToolkit.method2021(IILjava/awt/Canvas;BILInterface_20;ILJs5Store;)LClass_ha;+45
j  Class314.method3626(ILJs5Store;LInterface_20;BILjava/awt/Canvas;)LClass_ha;+45
j  Class367.method3998(Ljava/lang/String;IZ)V+111
j  Node_Sub30.method860(ILjava/lang/String;ZI)V+21
j  Class215.method2991(BZI)V+13
j  Class207.method2948(Ljava/lang/String;ZZI)V+1341
j  Class261.method3320(ZI)V+41
J  Statics.method2500(B)V
j  java.lang.Thread.run()V+11
v  ~StubRoutines::call_stub
V  [jvm.dll+0xfae4b]
V  [jvm.dll+0x18c531]
V  [jvm.dll+0xfaff1]
V  [jvm.dll+0xfb04b]
V  [jvm.dll+0xb56b9]
V  [jvm.dll+0x1190d4]
V  [jvm.dll+0x1411ac]
C  [msvcr71.dll+0x9565]  endthreadex+0xa0
C  [kernel32.dll+0x13677]  BaseThreadInitThunk+0x12
C  [ntdll.dll+0x39d72]  RtlInitializeExceptionChain+0x63
C  [ntdll.dll+0x39d45]  RtlInitializeExceptionChain+0x36

Java frames: (J=compiled Java code, j=interpreted, Vv=VM code)
j  releaseThread()Z+0
j  GlToolkit.method2288(I)V+11
j  GlToolkit.method2023()V+59
j  GlToolkit.<init>(Ljava/awt/Canvas;LInterface_20;I)V+1221
j  DoublyLinkedNode_Sub51_Sub13.method1257(LInterface_20;ZILjava/awt/Canvas;)LClass_ha;+7
j  GraphicsToolkit.method2021(IILjava/awt/Canvas;BILInterface_20;ILJs5Store;)LClass_ha;+45
j  Class314.method3626(ILJs5Store;LInterface_20;BILjava/awt/Canvas;)LClass_ha;+45
j  Class367.method3998(Ljava/lang/String;IZ)V+111
j  Node_Sub30.method860(ILjava/lang/String;ZI)V+21
j  Class215.method2991(BZI)V+13
j  Class207.method2948(Ljava/lang/String;ZZI)V+1341
j  Class261.method3320(ZI)V+41
J  Statics.method2500(B)V
J  client.method118(I)V
J  client.method92(I)V
J  Applet_Sub1.method90(I)V
j  Applet_Sub1.run()V+328
j  java.lang.Thread.run()V+11
v  ~StubRoutines::call_stub

---------------  P R O C E S S  ---------------

Java Threads: ( => current thread )
  0x19f91400 JavaThread "Thread-8" daemon [_thread_blocked, id=5460, stack(0x1c970000,0x1c9c0000)]
  0x19f8fc00 JavaThread "Thread-7" daemon [_thread_blocked, id=15248, stack(0x1ade0000,0x1ae30000)]
  0x19f7c400 JavaThread "Java Sound Event Dispatcher" daemon [_thread_blocked, id=17296, stack(0x1a910000,0x1a960000)]
  0x18aa2400 JavaThread "Thread-5" daemon [_thread_blocked, id=13576, stack(0x19b20000,0x19b70000)]
  0x00a6b000 JavaThread "DestroyJavaVM" [_thread_blocked, id=16088, stack(0x002d0000,0x00320000)]
=>0x18a6f800 JavaThread "Thread-4" daemon [_thread_in_vm, id=16956, stack(0x19a90000,0x19ae0000)]
  0x18a6ec00 JavaThread "[RT5] Signlink thread" daemon [_thread_blocked, id=5376, stack(0x19a00000,0x19a50000)]
  0x18a34400 JavaThread "AWT-EventQueue-0" [_thread_blocked, id=1156, stack(0x18e70000,0x18ec0000)]
  0x18a23c00 JavaThread "AWT-Windows" daemon [_thread_in_native, id=16848, stack(0x18de0000,0x18e30000)]
  0x18a21000 JavaThread "AWT-Shutdown" [_thread_blocked, id=4864, stack(0x18d50000,0x18da0000)]
  0x18a1b400 JavaThread "Java2D Disposer" daemon [_thread_blocked, id=6120, stack(0x18bb0000,0x18c00000)]
  0x00a1dc00 JavaThread "Low Memory Detector" daemon [_thread_blocked, id=16708, stack(0x18890000,0x188e0000)]
  0x00a1a400 JavaThread "C1 CompilerThread0" daemon [_thread_blocked, id=5452, stack(0x18800000,0x18850000)]
  0x00a0ac00 JavaThread "JDWP Command Reader" daemon [_thread_in_native, id=17268, stack(0x18770000,0x187c0000)]
  0x00a09c00 JavaThread "JDWP Event Helper Thread" daemon [_thread_blocked, id=16540, stack(0x18640000,0x18690000)]
  0x00a08000 JavaThread "JDWP Transport Listener: dt_socket" daemon [_thread_blocked, id=16000, stack(0x185b0000,0x18600000)]
  0x009fdc00 JavaThread "Attach Listener" daemon [_thread_blocked, id=16636, stack(0x18520000,0x18570000)]
  0x009fac00 JavaThread "Signal Dispatcher" daemon [_thread_blocked, id=16300, stack(0x18490000,0x184e0000)]
  0x009cf800 JavaThread "Finalizer" daemon [_thread_blocked, id=16012, stack(0x18400000,0x18450000)]
  0x009cac00 JavaThread "Reference Handler" daemon [_thread_blocked, id=15140, stack(0x18370000,0x183c0000)]

Other Threads:
  0x009c6c00 VMThread [stack: 0x182e0000,0x18330000] [id=16940]
  0x00a28800 WatcherThread [stack: 0x18920000,0x18970000] [id=13320]

VM state:not at safepoint (normal execution)

VM Mutex/Monitor currently owned by a thread: None

Heap
 def new generation   total 29312K, used 14336K [0x04190000, 0x06150000, 0x096e0000)
  eden space 26112K,  54% used [0x04190000, 0x04f90250, 0x05b10000)
  from space 3200K,   0% used [0x05b10000, 0x05b10000, 0x05e30000)
  to   space 3200K,   0% used [0x05e30000, 0x05e30000, 0x06150000)
 tenured generation   total 64900K, used 38938K [0x096e0000, 0x0d641000, 0x14190000)
   the space 64900K,  59% used [0x096e0000, 0x0bce6b38, 0x0bce6c00, 0x0d641000)
 compacting perm gen  total 12288K, used 11659K [0x14190000, 0x14d90000, 0x18190000)
   the space 12288K,  94% used [0x14190000, 0x14cf2cb8, 0x14cf2e00, 0x14d90000)
No shared spaces configured.

Code Cache  [0x02190000, 0x024d0000, 0x04190000)
 total_blobs=1173 nmethods=914 adapters=202 free_code_cache=30153280 largest_free_block=0

Dynamic libraries:
0x00400000 - 0x00424000 	C:\Program Files (x86)\Java\jdk1.6.0_26\bin\java.exe
0x77410000 - 0x77590000 	C:\Windows\SysWOW64\ntdll.dll
0x754b0000 - 0x755b0000 	C:\Windows\syswow64\kernel32.dll
0x75310000 - 0x75356000 	C:\Windows\syswow64\KERNELBASE.dll
0x75410000 - 0x754b0000 	C:\Windows\syswow64\ADVAPI32.dll
0x767e0000 - 0x7688c000 	C:\Windows\syswow64\msvcrt.dll
0x76360000 - 0x76379000 	C:\Windows\SysWOW64\sechost.dll
0x74c10000 - 0x74d00000 	C:\Windows\syswow64\RPCRT4.dll
0x74b10000 - 0x74b70000 	C:\Windows\syswow64\SspiCli.dll
0x74b00000 - 0x74b0c000 	C:\Windows\syswow64\CRYPTBASE.dll
0x7c340000 - 0x7c396000 	C:\Program Files (x86)\Java\jdk1.6.0_26\jre\bin\msvcr71.dll
0x6d8a0000 - 0x6db4f000 	C:\Program Files (x86)\Java\jdk1.6.0_26\jre\bin\client\jvm.dll
0x74ee0000 - 0x74fe0000 	C:\Windows\syswow64\USER32.dll
0x76610000 - 0x766a0000 	C:\Windows\syswow64\GDI32.dll
0x773e0000 - 0x773ea000 	C:\Windows\syswow64\LPK.dll
0x76740000 - 0x767dd000 	C:\Windows\syswow64\USP10.dll
0x732b0000 - 0x732e2000 	C:\Windows\system32\WINMM.dll
0x76520000 - 0x76580000 	C:\Windows\system32\IMM32.DLL
0x74fe0000 - 0x750ac000 	C:\Windows\syswow64\MSCTF.dll
0x74420000 - 0x7446b000 	C:\Windows\system32\apphelp.dll
0x6d850000 - 0x6d85c000 	C:\Program Files (x86)\Java\jdk1.6.0_26\jre\bin\verify.dll
0x6d3d0000 - 0x6d3ef000 	C:\Program Files (x86)\Java\jdk1.6.0_26\jre\bin\java.dll
0x766a0000 - 0x766a5000 	C:\Windows\system32\PSAPI.DLL
0x6d420000 - 0x6d44a000 	C:\Program Files (x86)\Java\jdk1.6.0_26\jre\bin\jdwp.dll
0x6d740000 - 0x6d746000 	C:\Program Files (x86)\Java\jdk1.6.0_26\jre\bin\npt.dll
0x6d890000 - 0x6d89f000 	C:\Program Files (x86)\Java\jdk1.6.0_26\jre\bin\zip.dll
0x6d2b0000 - 0x6d2b7000 	C:\Program Files (x86)\Java\jdk1.6.0_26\jre\bin\dt_socket.dll
0x76a00000 - 0x76a35000 	C:\Windows\syswow64\WS2_32.dll
0x74c00000 - 0x74c06000 	C:\Windows\syswow64\NSI.dll
0x74610000 - 0x7464c000 	C:\Windows\system32\mswsock.dll
0x737c0000 - 0x737c5000 	C:\Windows\System32\wshtcpip.dll
0x6d0b0000 - 0x6d1fb000 	C:\Program Files (x86)\Java\jdk1.6.0_26\jre\bin\awt.dll
0x73620000 - 0x73671000 	C:\Windows\system32\WINSPOOL.DRV
0x755b0000 - 0x7570c000 	C:\Windows\syswow64\ole32.dll
0x720b0000 - 0x7224e000 	C:\Windows\WinSxS\x86_microsoft.windows.common-controls_6595b64144ccf1df_6.0.7600.16385_none_421189da2b7fabfc\COMCTL32.dll
0x75360000 - 0x753b7000 	C:\Windows\syswow64\SHLWAPI.dll
0x76580000 - 0x76604000 	C:\Windows\WinSxS\x86_microsoft.windows.common-controls_6595b64144ccf1df_5.82.7600.16385_none_ebf82fc36c758ad5\comctl32.dll
0x717b0000 - 0x717c3000 	C:\Windows\system32\DWMAPI.DLL
0x6d2e0000 - 0x6d32f000 	C:\Program Files (x86)\Java\jdk1.6.0_26\jre\bin\fontmanager.dll
0x74b70000 - 0x74bff000 	C:\Windows\syswow64\OLEAUT32.DLL
0x6d6b0000 - 0x6d6c3000 	C:\Program Files (x86)\Java\jdk1.6.0_26\jre\bin\net.dll
0x74470000 - 0x74476000 	C:\Windows\System32\wship6.dll
0x6d6d0000 - 0x6d6d9000 	C:\Program Files (x86)\Java\jdk1.6.0_26\jre\bin\nio.dll
0x6d4f0000 - 0x6d515000 	C:\Program Files (x86)\Java\jdk1.6.0_26\jre\bin\jpeg.dll
0x6d5c0000 - 0x6d5e5000 	C:\Program Files (x86)\Java\jdk1.6.0_26\jre\bin\jsound.dll
0x6d5f0000 - 0x6d5f8000 	C:\Program Files (x86)\Java\jdk1.6.0_26\jre\bin\jsoundds.dll
0x6bf20000 - 0x6bf92000 	C:\Windows\system32\DSOUND.dll
0x6e600000 - 0x6e625000 	C:\Windows\system32\POWRPROF.dll
0x76380000 - 0x7651d000 	C:\Windows\syswow64\SETUPAPI.dll
0x768b0000 - 0x768d7000 	C:\Windows\syswow64\CFGMGR32.dll
0x76890000 - 0x768a2000 	C:\Windows\syswow64\DEVOBJ.dll
0x6bdf0000 - 0x6be29000 	C:\Windows\system32\MMDevAPI.DLL
0x707c0000 - 0x708b5000 	C:\Windows\system32\PROPSYS.dll
0x6bdc0000 - 0x6bdf0000 	C:\Windows\system32\wdmaud.drv
0x6e6b0000 - 0x6e6b4000 	C:\Windows\system32\ksuser.dll
0x71f30000 - 0x71f37000 	C:\Windows\system32\AVRT.dll
0x6bd80000 - 0x6bdb6000 	C:\Windows\system32\AUDIOSES.DLL
0x6bd70000 - 0x6bd78000 	C:\Windows\system32\msacm32.drv
0x6bd50000 - 0x6bd64000 	C:\Windows\system32\MSACM32.dll
0x6bd40000 - 0x6bd47000 	C:\Windows\system32\midimap.dll
0x766b0000 - 0x76733000 	C:\Windows\syswow64\CLBCatQ.DLL
0x72db0000 - 0x72dd9000 	C:\Windows\.jagex_cache_647\runescape\jaclib.dll
0x6d400000 - 0x6d406000 	c:\program files (x86)\jetbrains\intellij idea community edition 10.5.1\jre\jre\bin\jawt.dll
0x1b0a0000 - 0x1b0ad000 	C:\Windows\.jagex_cache_647\runescape\jagmisc.dll
0x74a20000 - 0x74a3c000 	C:\Windows\system32\iphlpapi.dll
0x74a10000 - 0x74a17000 	C:\Windows\system32\WINNSI.DLL
0x19b70000 - 0x19b85000 	C:\Windows\.jagex_cache_647\runescape\hw3d.dll
0x19b90000 - 0x19baa000 	C:\Windows\.jagex_cache_647\runescape\jagdx.dll
0x6aed0000 - 0x6b093000 	C:\Windows\system32\d3d9.dll
0x748c0000 - 0x748c9000 	C:\Windows\system32\VERSION.dll
0x6f580000 - 0x6f586000 	C:\Windows\system32\d3d8thk.dll
0x72d30000 - 0x72d54000 	C:\Windows\.jagex_cache_647\runescape\jaggl.dll
0x712c0000 - 0x71388000 	C:\Windows\system32\OPENGL32.dll
0x71fc0000 - 0x71fe2000 	C:\Windows\system32\GLU32.dll
0x711d0000 - 0x712b7000 	C:\Windows\system32\DDRAW.dll
0x72d70000 - 0x72d76000 	C:\Windows\system32\DCIMAN32.dll
0x69a50000 - 0x69c53000 	C:\Windows\system32\nvapi.dll
0x75710000 - 0x76359000 	C:\Windows\syswow64\SHELL32.dll
0x1cfc0000 - 0x1de3a000 	C:\Windows\system32\nvoglv32.DLL
0x752e0000 - 0x7530d000 	C:\Windows\syswow64\WINTRUST.dll
0x74d90000 - 0x74eac000 	C:\Windows\syswow64\CRYPT32.dll
0x75270000 - 0x7527c000 	C:\Windows\syswow64\MSASN1.dll

VM Arguments:
jvm_args: -agentlib:jdwp=transport=dt_socket,address=127.0.0.1:10007,suspend=y,server=n -Dfile.encoding=UTF-8 
java_command: client 1 1 1 live english game0
Launcher Type: SUN_STANDARD

Environment Variables:
PATH=C:\Program Files (x86)\JetBrains\IntelliJ IDEA Community Edition 10.5.1\bin\..\.\bin;C:\GTK\bin;C:\Program Files (x86)\NVIDIA Corporation\PhysX\Common;C:\Windows\system32;C:\Windows;C:\Windows\System32\Wbem;C:\Windows\System32\WindowsPowerShell\v1.0\;C:\Program Files (x86)\Microsoft SQL Server\100\Tools\Binn\;C:\Program Files\Microsoft SQL Server\100\Tools\Binn\;C:\Program Files\Microsoft SQL Server\100\DTS\Binn\;C:\Program Files (x86)\Microsoft SQL Server\100\Tools\Binn\VSShell\Common7\IDE\;C:\Program Files (x86)\Microsoft SQL Server\100\DTS\Binn\;C:\Windows\System32\Windows System Resource Manager\bin;C:\Windows\SUA\common\;C:\Windows\SUA\usr\lib\;C:\Program Files (x86)\Microsoft SQL Server\90\Tools\binn\;C:\Program Files (x86)\OpenSSH\bin;C:\PROGRA~1\TIEDUC~1\TI-83P~1\UTILS;c:\program files (x86)\jetbrains\intellij idea community edition 10.5.1\jre\jre\bin
USERNAME=Administrator
LD_LIBRARY_PATH=/usr/lib/x86:/usr/X11R6/lib
DISPLAY=localhost:0.0
OS=Windows_NT
PROCESSOR_IDENTIFIER=AMD64 Family 16 Model 4 Stepping 3, AuthenticAMD



---------------  S Y S T E M  ---------------

OS: Windows NT 6.1 Build 7600 

CPU:total 4 (4 cores per cpu, 1 threads per core) family 16 model 4 stepping 3, cmov, cx8, fxsr, mmx, sse, sse2, sse3, popcnt, mmxext, 3dnow, 3dnowext, lzcnt, sse4a

Memory: 4k page, physical 4193464k(160824k free), swap 8385032k(3124540k free)

vm_info: Java HotSpot(TM) Client VM (20.1-b02) for windows-x86 JRE (1.6.0_26-b03), built on May  4 2011 00:50:59 by "java_re" with MS VC++ 7.1 (VS2003)

time: Sun Jul 17 17:47:55 2011
elapsed time: 94 seconds

